Trust certificates in /run/secrets/certificates ...
keytool error: java.lang.Exception: Input not an X.509 certificate
INFO: certificate cert_extracted_from_certificates.cer was not imported
Tomcat started.
01:47:34,738 INFO  [localhost-startStop-1][PortletHotDeployListener:344] Registering portlets for vendors
01:47:34,800 INFO  [localhost-startStop-1][PortletHotDeployListener:492] 1 portlet for vendors is available for use
Sep 05, 2019 1:47:36 AM org.apache.catalina.startup.HostConfig deployDirectory
INFO: Deployment of web application directory /opt/sw360/webapps/vendors has finished in 7,723 ms
Sep 05, 2019 1:47:36 AM org.apache.coyote.AbstractProtocol start
INFO: Starting ProtocolHandler ["http-apr-8080"]
Sep 05, 2019 1:47:36 AM org.apache.coyote.AbstractProtocol start
INFO: Starting ProtocolHandler ["ajp-apr-8009"]
Sep 05, 2019 1:47:36 AM org.apache.catalina.startup.Catalina start
INFO: Server startup in 279837 ms
Listening for transport dt_socket at address: 5005
Sep 05, 2019 2:39:51 AM org.apache.catalina.startup.VersionLoggerListener log
INFO: Server version:        Apache Tomcat/7.0.62
Sep 05, 2019 2:39:51 AM org.apache.catalina.startup.VersionLoggerListener log
INFO: Server built:          May 7 2015 17:14:55 UTC
Sep 05, 2019 2:39:51 AM org.apache.catalina.startup.VersionLoggerListener log
INFO: Server number:         7.0.62.0
Sep 05, 2019 2:39:51 AM org.apache.catalina.startup.VersionLoggerListener log
INFO: OS Name:               Linux
Sep 05, 2019 2:39:51 AM org.apache.catalina.startup.VersionLoggerListener log
INFO: OS Version:            4.15.0-58-generic
Sep 05, 2019 2:39:51 AM org.apache.catalina.startup.VersionLoggerListener log
INFO: Architecture:          amd64
Sep 05, 2019 2:39:51 AM org.apache.catalina.startup.VersionLoggerListener log
INFO: Java Home:             /usr/lib/jvm/java-1.8-openjdk/jre
Sep 05, 2019 2:39:51 AM org.apache.catalina.startup.VersionLoggerListener log
INFO: JVM Version:           1.8.0_212-b04
Sep 05, 2019 2:39:51 AM org.apache.catalina.startup.VersionLoggerListener log
INFO: JVM Vendor:            IcedTea
Sep 05, 2019 2:39:51 AM org.apache.catalina.startup.VersionLoggerListener log
INFO: CATALINA_BASE:         /opt/sw360
Sep 05, 2019 2:39:51 AM org.apache.catalina.startup.VersionLoggerListener log
INFO: CATALINA_HOME:         /opt/sw360
Sep 05, 2019 2:39:51 AM org.apache.catalina.startup.VersionLoggerListener log
INFO: Command line argument: -Djava.util.logging.config.file=/opt/sw360/conf/logging.properties
Sep 05, 2019 2:39:51 AM org.apache.catalina.startup.VersionLoggerListener log
INFO: Command line argument: -Djava.util.logging.manager=org.apache.juli.ClassLoaderLogManager
Sep 05, 2019 2:39:51 AM org.apache.catalina.startup.VersionLoggerListener log
INFO: Command line argument: -Dfile.encoding=UTF8
Sep 05, 2019 2:39:51 AM org.apache.catalina.startup.VersionLoggerListener log
INFO: Command line argument: -Dorg.apache.catalina.loader.WebappClassLoader.ENABLE_CLEAR_REFERENCES=false
Sep 05, 2019 2:39:51 AM org.apache.catalina.startup.VersionLoggerListener log
INFO: Command line argument: -Duser.timezone=GMT
Sep 05, 2019 2:39:51 AM org.apache.catalina.startup.VersionLoggerListener log
INFO: Command line argument: -Xms2g
Sep 05, 2019 2:39:51 AM org.apache.catalina.startup.VersionLoggerListener log
INFO: Command line argument: -Xmx4g
Sep 05, 2019 2:39:51 AM org.apache.catalina.startup.VersionLoggerListener log
INFO: Command line argument: -XX:+UseParNewGC
Sep 05, 2019 2:39:51 AM org.apache.catalina.startup.VersionLoggerListener log
INFO: Command line argument: -XX:+UseConcMarkSweepGC
Sep 05, 2019 2:39:51 AM org.apache.catalina.startup.VersionLoggerListener log
INFO: Command line argument: -XX:+CMSParallelRemarkEnabled
Sep 05, 2019 2:39:51 AM org.apache.catalina.startup.VersionLoggerListener log
INFO: Command line argument: -XX:SurvivorRatio=20
Sep 05, 2019 2:39:51 AM org.apache.catalina.startup.VersionLoggerListener log
INFO: Command line argument: -Dspring.config.location=file:/etc/sw360/rest/
Sep 05, 2019 2:39:51 AM org.apache.catalina.startup.VersionLoggerListener log
INFO: Command line argument: -Dorg.ektorp.support.AutoUpdateViewOnChange=true
Sep 05, 2019 2:39:51 AM org.apache.catalina.startup.VersionLoggerListener log
INFO: Command line argument: -agentlib:jdwp=transport=dt_socket,server=y,suspend=n,address=5005
Sep 05, 2019 2:39:51 AM org.apache.catalina.startup.VersionLoggerListener log
INFO: Command line argument: -Djava.endorsed.dirs=/opt/sw360/endorsed
Sep 05, 2019 2:39:51 AM org.apache.catalina.startup.VersionLoggerListener log
INFO: Command line argument: -Dcatalina.base=/opt/sw360
Sep 05, 2019 2:39:51 AM org.apache.catalina.startup.VersionLoggerListener log
INFO: Command line argument: -Dcatalina.home=/opt/sw360
Sep 05, 2019 2:39:51 AM org.apache.catalina.startup.VersionLoggerListener log
INFO: Command line argument: -Djava.io.tmpdir=/opt/sw360/temp
Sep 05, 2019 2:39:51 AM org.apache.catalina.core.AprLifecycleListener lifecycleEvent
INFO: Loaded APR based Apache Tomcat Native library 1.2.21 using APR version 1.6.5.
Sep 05, 2019 2:39:51 AM org.apache.catalina.core.AprLifecycleListener lifecycleEvent
INFO: APR capabilities: IPv6 [true], sendfile [true], accept filters [false], random [true].
Sep 05, 2019 2:39:51 AM org.apache.catalina.core.AprLifecycleListener initializeSSL
INFO: OpenSSL successfully initialized (OpenSSL 1.1.1b  26 Feb 2019)
Sep 05, 2019 2:39:51 AM org.apache.coyote.AbstractProtocol init
INFO: Initializing ProtocolHandler ["http-apr-8080"]
Sep 05, 2019 2:39:51 AM org.apache.coyote.AbstractProtocol init
INFO: Initializing ProtocolHandler ["ajp-apr-8009"]
Sep 05, 2019 2:39:51 AM org.apache.catalina.startup.Catalina load
INFO: Initialization processed in 1093 ms
Sep 05, 2019 2:39:51 AM org.apache.catalina.core.StandardService startInternal
INFO: Starting service Catalina
Sep 05, 2019 2:39:51 AM org.apache.catalina.core.StandardEngine startInternal
INFO: Starting Servlet Engine: Apache Tomcat/7.0.62
Sep 05, 2019 2:39:51 AM org.apache.catalina.startup.HostConfig deployDescriptor
INFO: Deploying configuration descriptor /opt/sw360/conf/Catalina/localhost/ROOT.xml
Sep 05, 2019 2:40:10 AM org.apache.catalina.startup.TldConfig execute
INFO: At least one JAR was scanned for TLDs yet contained no TLDs. Enable debug logging for this logger for a complete list of JARs that were scanned but no TLDs were found in them. Skipping unneeded JARs during scanning can improve startup time and JSP compilation time.
Loading jar:file:/opt/sw360/webapps/ROOT/WEB-INF/lib/portal-impl.jar!/system.properties
Loading jar:file:/opt/sw360/webapps/ROOT/WEB-INF/lib/portal-impl.jar!/portal.properties
Loading file:/opt/portal-bundle.properties
Loading file:/etc/sw360/portal-ext.properties
Sep 05, 2019 2:40:13 AM org.apache.catalina.core.ApplicationContext log
INFO: Initializing Spring root WebApplicationContext
02:40:19,958 INFO  [localhost-startStop-1][DialectDetector:71] Determine dialect for PostgreSQL 9
02:40:20,008 INFO  [localhost-startStop-1][DialectDetector:136] Found dialect org.hibernate.dialect.PostgreSQLDialect
Starting Liferay Portal Community Edition 6.2 CE GA5 (Newton / Build 6204 / November 25, 2015)
02:40:56,961 INFO  [localhost-startStop-1][StartupAction:97] There are no patches installed
02:40:57,889 INFO  [localhost-startStop-1][BaseDB:481] Database supports case sensitive queries
02:40:58,507 INFO  [localhost-startStop-1][ServerDetector:140] Server supports hot deploy
02:40:58,519 INFO  [localhost-startStop-1][PluginPackageUtil:1013] Reading plugin package for the root context
02:41:02,244 INFO  [localhost-startStop-1][AutoDeployDir:139] Auto deploy scanner started for /opt/sw360/deploy
Sep 05, 2019 2:41:08 AM org.apache.catalina.core.ApplicationContext log
INFO: Initializing Spring FrameworkServlet 'Remoting Servlet'
Sep 05, 2019 2:41:09 AM org.apache.catalina.startup.HostConfig deployDescriptor
INFO: Deployment of configuration descriptor /opt/sw360/conf/Catalina/localhost/ROOT.xml has finished in 77,549 ms
Sep 05, 2019 2:41:09 AM org.apache.catalina.startup.HostConfig deployDescriptor
INFO: Deploying configuration descriptor /opt/sw360/conf/Catalina/localhost/logs.xml
Sep 05, 2019 2:41:10 AM org.apache.catalina.startup.TldConfig execute
INFO: At least one JAR was scanned for TLDs yet contained no TLDs. Enable debug logging for this logger for a complete list of JARs that were scanned but no TLDs were found in them. Skipping unneeded JARs during scanning can improve startup time and JSP compilation time.
Sep 05, 2019 2:41:10 AM org.apache.catalina.startup.HostConfig deployDescriptor
INFO: Deployment of configuration descriptor /opt/sw360/conf/Catalina/localhost/logs.xml has finished in 1,121 ms
Sep 05, 2019 2:41:10 AM org.apache.catalina.startup.HostConfig deployDirectory
INFO: Deploying web application directory /opt/sw360/webapps/schedule
Sep 05, 2019 2:41:13 AM org.apache.catalina.startup.TldConfig execute
INFO: At least one JAR was scanned for TLDs yet contained no TLDs. Enable debug logging for this logger for a complete list of JARs that were scanned but no TLDs were found in them. Skipping unneeded JARs during scanning can improve startup time and JSP compilation time.
02:41:13,456 INFO  [localhost-startStop-1][HotDeployEvent:145] Plugin schedule requires marketplace-portlet
02:41:13,504 INFO  [localhost-startStop-1][HotDeployImpl:276] Queueing schedule for deploy because it is missing marketplace-portlet
2019-09-05 02:41:13 INFO  ScheduleServlet:45 - Auto-starting scheduling tasks in schedule service...
 2019-09-05 02:41:13 INFO  ScheduleServlet:53 - Auto-start completed.
 Sep 05, 2019 2:41:13 AM org.apache.catalina.startup.HostConfig deployDirectory
INFO: Deployment of web application directory /opt/sw360/webapps/schedule has finished in 3,324 ms
Sep 05, 2019 2:41:13 AM org.apache.catalina.startup.HostConfig deployDirectory
INFO: Deploying web application directory /opt/sw360/webapps/authorization
Sep 05, 2019 2:41:17 AM org.apache.catalina.startup.TldConfig execute
INFO: At least one JAR was scanned for TLDs yet contained no TLDs. Enable debug logging for this logger for a complete list of JARs that were scanned but no TLDs were found in them. Skipping unneeded JARs during scanning can improve startup time and JSP compilation time.
Sep 05, 2019 2:41:17 AM org.apache.catalina.core.ApplicationContext log
INFO: 2 Spring WebApplicationInitializers detected on classpath
#
# Copyright Siemens AG, 2017. Part of the SW360 Portal Project.
#
# All rights reserved. This configuration file is provided to you under the
# terms and conditions of the Eclipse Distribution License v1.0 which
# accompanies this distribution, and is available at
# http://www.eclipse.org/org/documents/edl-v10.php
#

                ________   _______________
  ________  _  _\_____  \ /  _____/\   _  \
 /  ___/\ \/ \/ / _(__  </   __  \ /  /_\  \
 \___ \  \     / /       \  |__\  \\  \_/   \
/____  >  \/\_/ /______  /\_____  / \_____  /
     \/                \/       \/        \/
:: sw360 Authorization Server :: Running Spring Boot 1.5.8.RELEASE ::

2019-09-05 02:41:19 INFO  Sw360AuthorizationServer:48 - Starting Sw360AuthorizationServer on 3487f5377d95 with PID 47 (/opt/sw360/webapps/authorization/WEB-INF/classes/org/eclipse/sw360/rest/authserver/Sw360AuthorizationServer.class started by root in /opt/sw360)
 2019-09-05 02:41:19 INFO  Sw360AuthorizationServer:593 - No active profile set, falling back to default profiles: default
 Sep 05, 2019 2:41:23 AM org.apache.catalina.core.ApplicationContext log
INFO: Initializing Spring embedded WebApplicationContext
2019-09-05 02:41:25 INFO  Sw360CustomHeaderAuthenticationFilter:105 - AuthenticationFilter is NOT active!
 2019-09-05 02:41:28 INFO  Sw360CustomHeaderAuthenticationProvider:80 - AuthenticationProvider is NOT active!
 2019-09-05 02:41:31 INFO  Sw360AuthorizationServer:57 - Started Sw360AuthorizationServer in 13.793 seconds (JVM running for 101.6)
 02:41:31,672 INFO  [localhost-startStop-1][HotDeployEvent:145] Plugin authorization requires marketplace-portlet
02:41:31,676 INFO  [localhost-startStop-1][HotDeployImpl:276] Queueing authorization for deploy because it is missing marketplace-portlet
2019-09-05 02:41:31 INFO  Sw360CustomHeaderAuthenticationFilter:105 - AuthenticationFilter is NOT active!
 Sep 05, 2019 2:41:31 AM org.apache.catalina.startup.HostConfig deployDirectory
INFO: Deployment of web application directory /opt/sw360/webapps/authorization has finished in 17,951 ms
Sep 05, 2019 2:41:31 AM org.apache.catalina.startup.HostConfig deployDirectory
INFO: Deploying web application directory /opt/sw360/webapps/vulnerabilities
Sep 05, 2019 2:41:34 AM org.apache.catalina.startup.TldConfig execute
INFO: At least one JAR was scanned for TLDs yet contained no TLDs. Enable debug logging for this logger for a complete list of JARs that were scanned but no TLDs were found in them. Skipping unneeded JARs during scanning can improve startup time and JSP compilation time.
02:41:34,786 INFO  [localhost-startStop-1][HotDeployEvent:145] Plugin vulnerabilities requires marketplace-portlet
02:41:34,786 INFO  [localhost-startStop-1][HotDeployImpl:276] Queueing vulnerabilities for deploy because it is missing marketplace-portlet
Sep 05, 2019 2:41:39 AM org.apache.catalina.startup.HostConfig deployDirectory
INFO: Deployment of web application directory /opt/sw360/webapps/vulnerabilities has finished in 7,655 ms
Sep 05, 2019 2:41:39 AM org.apache.catalina.startup.HostConfig deployDirectory
INFO: Deploying web application directory /opt/sw360/webapps/sw360-portlet
Sep 05, 2019 2:41:43 AM org.apache.catalina.startup.TldConfig execute
INFO: At least one JAR was scanned for TLDs yet contained no TLDs. Enable debug logging for this logger for a complete list of JARs that were scanned but no TLDs were found in them. Skipping unneeded JARs during scanning can improve startup time and JSP compilation time.
02:41:43,517 INFO  [localhost-startStop-1][HotDeployEvent:145] Plugin sw360-portlet requires marketplace-portlet
02:41:43,518 INFO  [localhost-startStop-1][HotDeployImpl:276] Queueing sw360-portlet for deploy because it is missing marketplace-portlet
Sep 05, 2019 2:41:43 AM org.apache.catalina.startup.HostConfig deployDirectory
INFO: Deployment of web application directory /opt/sw360/webapps/sw360-portlet has finished in 4,184 ms
Sep 05, 2019 2:41:43 AM org.apache.catalina.startup.HostConfig deployDirectory
INFO: Deploying web application directory /opt/sw360/webapps/resource
Sep 05, 2019 2:41:47 AM org.apache.catalina.startup.TldConfig execute
INFO: At least one JAR was scanned for TLDs yet contained no TLDs. Enable debug logging for this logger for a complete list of JARs that were scanned but no TLDs were found in them. Skipping unneeded JARs during scanning can improve startup time and JSP compilation time.
Sep 05, 2019 2:41:47 AM org.apache.catalina.core.ApplicationContext log
INFO: 2 Spring WebApplicationInitializers detected on classpath
#
# Copyright Siemens AG, 2017. Part of the SW360 Portal Project.
#
# All rights reserved. This configuration file is provided to you under the
# terms and conditions of the Eclipse Distribution License v1.0 which
# accompanies this distribution, and is available at
# http://www.eclipse.org/org/documents/edl-v10.php
#

                ________   _______________
  ________  _  _\_____  \ /  _____/\   _  \
 /  ___/\ \/ \/ / _(__  </   __  \ /  /_\  \
 \___ \  \     / /       \  |__\  \\  \_/   \
/____  >  \/\_/ /______  /\_____  / \_____  /
     \/                \/       \/        \/
:: sw360 Resource Server :: Running Spring Boot 1.5.8.RELEASE ::

2019-09-05 02:41:49 INFO  Sw360ResourceServer:48 - Starting Sw360ResourceServer on 3487f5377d95 with PID 47 (/opt/sw360/webapps/resource/WEB-INF/classes/org/eclipse/sw360/rest/resourceserver/Sw360ResourceServer.class started by root in /opt/sw360)
 2019-09-05 02:41:49 INFO  Sw360ResourceServer:593 - No active profile set, falling back to default profiles: default
 Sep 05, 2019 2:41:54 AM org.apache.catalina.core.ApplicationContext log
INFO: Initializing Spring embedded WebApplicationContext
2019-09-05 02:41:59 INFO  KeycloakAccessTokenConverter:44 - Configured  KeycloakAccessTokenConverter
 2019-09-05 02:42:03 INFO  Sw360ResourceServer:57 - Started Sw360ResourceServer in 15.884 seconds (JVM running for 133.612)
 02:42:03,681 INFO  [localhost-startStop-1][HotDeployEvent:145] Plugin resource requires marketplace-portlet
02:42:03,682 INFO  [localhost-startStop-1][HotDeployImpl:276] Queueing resource for deploy because it is missing marketplace-portlet
Sep 05, 2019 2:42:03 AM org.apache.catalina.startup.HostConfig deployDirectory
INFO: Deployment of web application directory /opt/sw360/webapps/resource has finished in 20,156 ms
Sep 05, 2019 2:42:03 AM org.apache.catalina.startup.HostConfig deployDirectory
INFO: Deploying web application directory /opt/sw360/webapps/fossology
02:42:06,469 INFO  [com.liferay.portal.kernel.deploy.auto.AutoDeployScanner][AutoDeployDir:204] Processing marketplace-portlet-6.2.0.1.war
02:42:06,488 INFO  [com.liferay.portal.kernel.deploy.auto.AutoDeployScanner][PortletAutoDeployListener:79] Copying portlets for /opt/sw360/deploy/marketplace-portlet-6.2.0.1.war
02:42:06,602 INFO  [com.liferay.portal.kernel.deploy.auto.AutoDeployScanner][BaseDeployer:863] Deploying marketplace-portlet-6.2.0.1.war
02:42:06,609 INFO  [com.liferay.portal.kernel.deploy.auto.AutoDeployScanner][BaseDeployer:966] Updating Marketplace from version 6.2.0.3 to version 6.2.0.1
02:42:06,609 INFO  [com.liferay.portal.kernel.deploy.auto.AutoDeployScanner][BaseDeployer:975] Not updating Marketplace because version 6.2.0.3 is newer than version 6.2.0.1
Sep 05, 2019 2:42:06 AM org.apache.catalina.startup.TldConfig execute
INFO: At least one JAR was scanned for TLDs yet contained no TLDs. Enable debug logging for this logger for a complete list of JARs that were scanned but no TLDs were found in them. Skipping unneeded JARs during scanning can improve startup time and JSP compilation time.
Sep 05, 2019 2:42:06 AM org.apache.catalina.core.ApplicationContext log
INFO: No Spring WebApplicationInitializer types detected on classpath
02:42:06,908 INFO  [localhost-startStop-1][HotDeployEvent:145] Plugin fossology requires marketplace-portlet
02:42:06,909 INFO  [localhost-startStop-1][HotDeployImpl:276] Queueing fossology for deploy because it is missing marketplace-portlet
Sep 05, 2019 2:42:07 AM org.apache.catalina.core.ApplicationContext log
INFO: Initializing Spring FrameworkServlet 'FossologyService'
Sep 05, 2019 2:42:11 AM org.apache.catalina.startup.HostConfig deployDirectory
INFO: Deployment of web application directory /opt/sw360/webapps/fossology has finished in 7,582 ms
Sep 05, 2019 2:42:11 AM org.apache.catalina.startup.HostConfig deployDirectory
INFO: Deploying web application directory /opt/sw360/webapps/wsimport
Sep 05, 2019 2:42:15 AM org.apache.catalina.startup.TldConfig execute
INFO: At least one JAR was scanned for TLDs yet contained no TLDs. Enable debug logging for this logger for a complete list of JARs that were scanned but no TLDs were found in them. Skipping unneeded JARs during scanning can improve startup time and JSP compilation time.
02:42:15,576 INFO  [localhost-startStop-1][HotDeployEvent:145] Plugin wsimport requires marketplace-portlet
02:42:15,577 INFO  [localhost-startStop-1][HotDeployImpl:276] Queueing wsimport for deploy because it is missing marketplace-portlet
Sep 05, 2019 2:42:15 AM org.apache.catalina.startup.HostConfig deployDirectory
INFO: Deployment of web application directory /opt/sw360/webapps/wsimport has finished in 4,440 ms
Sep 05, 2019 2:42:15 AM org.apache.catalina.startup.HostConfig deployDirectory
INFO: Deploying web application directory /opt/sw360/webapps/licenseinfo
Sep 05, 2019 2:42:20 AM org.apache.catalina.startup.TldConfig execute
INFO: At least one JAR was scanned for TLDs yet contained no TLDs. Enable debug logging for this logger for a complete list of JARs that were scanned but no TLDs were found in them. Skipping unneeded JARs during scanning can improve startup time and JSP compilation time.
02:42:20,134 INFO  [localhost-startStop-1][HotDeployEvent:145] Plugin licenseinfo requires marketplace-portlet
02:42:20,135 INFO  [localhost-startStop-1][HotDeployImpl:276] Queueing licenseinfo for deploy because it is missing marketplace-portlet
Sep 05, 2019 2:42:22 AM org.apache.catalina.startup.HostConfig deployDirectory
INFO: Deployment of web application directory /opt/sw360/webapps/licenseinfo has finished in 6,527 ms
Sep 05, 2019 2:42:22 AM org.apache.catalina.startup.HostConfig deployDirectory
INFO: Deploying web application directory /opt/sw360/webapps/users
/opt/sw360/webapps/licenseinfo has finished in 6,111 ms
Sep 04, 2019 7:08:28 AM org.apache.catalina.startup.HostConfig deployDirectory
INFO: Deploying web application directory /opt/sw360/webapps/users
Sep 04, 2019 7:08:31 AM org.apache.catalina.startup.TldConfig execute
INFO: At least one JAR was scanned for TLDs yet contained no TLDs. Enable debug logging for this logger for a complete list of JARs that were scanned but no TLDs were found in them. Skipping unneeded JARs during scanning can improve startup time and JSP compilation time.
07:08:31,847 INFO  [localhost-startStop-1][HotDeployEvent:145] Plugin users requires marketplace-portlet
07:08:31,848 INFO  [localhost-startStop-1][HotDeployImpl:276] Queueing users for deploy because it is missing marketplace-portlet
Sep 04, 2019 7:08:33 AM org.apache.catalina.startup.HostConfig deployDirectory
INFO: Deployment of web application directory /opt/sw360/webapps/users has finished in 4,255 ms
Sep 04, 2019 7:08:33 AM org.apache.catalina.startup.HostConfig deployDirectory
INFO: Deploying web application directory /opt/sw360/webapps/projects
Sep 04, 2019 7:08:36 AM org.apache.catalina.startup.TldConfig execute
INFO: At least one JAR was scanned for TLDs yet contained no TLDs. Enable debug logging for this logger for a complete list of JARs that were scanned but no TLDs were found in them. Skipping unneeded JARs during scanning can improve startup time and JSP compilation time.
07:08:36,122 INFO  [localhost-startStop-1][HotDeployEvent:145] Plugin projects requires marketplace-portlet
07:08:36,123 INFO  [localhost-startStop-1][HotDeployImpl:276] Queueing projects for deploy because it is missing marketplace-portlet
Sep 04, 2019 7:08:38 AM org.apache.catalina.startup.HostConfig deployDirectory
INFO: Deployment of web application directory /opt/sw360/webapps/projects has finished in 4,904 ms
Sep 04, 2019 7:08:38 AM org.apache.catalina.startup.HostConfig deployDirectory
INFO: Deploying web application directory /opt/sw360/webapps/licenses
Sep 04, 2019 7:08:42 AM org.apache.catalina.startup.TldConfig execute
INFO: At least one JAR was scanned for TLDs yet contained no TLDs. Enable debug logging for this logger for a complete list of JARs that were scanned but no TLDs were found in them. Skipping unneeded JARs during scanning can improve startup time and JSP compilation time.
07:08:42,641 INFO  [localhost-startStop-1][HotDeployEvent:145] Plugin licenses requires marketplace-portlet
07:08:42,642 INFO  [localhost-startStop-1][HotDeployImpl:276] Queueing licenses for deploy because it is missing marketplace-portlet
Sep 04, 2019 7:08:44 AM org.apache.catalina.startup.HostConfig deployDirectory
INFO: Deployment of web application directory /opt/sw360/webapps/licenses has finished in 6,554 ms
Sep 04, 2019 7:08:45 AM org.apache.catalina.startup.HostConfig deployDirectory
INFO: Deploying web application directory /opt/sw360/webapps/moderation
Sep 04, 2019 7:08:49 AM org.apache.catalina.startup.TldConfig execute
INFO: At least one JAR was scanned for TLDs yet contained no TLDs. Enable debug logging for this logger for a complete list of JARs that were scanned but no TLDs were found in them. Skipping unneeded JARs during scanning can improve startup time and JSP compilation time.
07:08:49,392 INFO  [localhost-startStop-1][HotDeployEvent:145] Plugin moderation requires marketplace-portlet
07:08:49,393 INFO  [localhost-startStop-1][HotDeployImpl:276] Queueing moderation for deploy because it is missing marketplace-portlet
Sep 04, 2019 7:08:52 AM org.apache.catalina.startup.HostConfig deployDirectory
INFO: Deployment of web application directory /opt/sw360/webapps/moderation has finished in 6,665 ms
Sep 04, 2019 7:08:52 AM org.apache.catalina.startup.HostConfig deployDirectory
INFO: Deploying web application directory /opt/sw360/webapps/sw360-theme
Sep 04, 2019 7:08:53 AM org.apache.catalina.startup.TldConfig execute
INFO: At least one JAR was scanned for TLDs yet contained no TLDs. Enable debug logging for this logger for a complete list of JARs that were scanned but no TLDs were found in them. Skipping unneeded JARs during scanning can improve startup time and JSP compilation time.
07:08:53,907 INFO  [localhost-startStop-1][HotDeployEvent:145] Plugin sw360-theme requires marketplace-portlet
07:08:53,908 INFO  [localhost-startStop-1][HotDeployImpl:276] Queueing sw360-theme for deploy because it is missing marketplace-portlet
Sep 04, 2019 7:08:53 AM org.apache.catalina.startup.HostConfig deployDirectory
INFO: Deployment of web application directory /opt/sw360/webapps/sw360-theme has finished in 1,710 ms
Sep 04, 2019 7:08:53 AM org.apache.catalina.startup.HostConfig deployDirectory
INFO: Deploying web application directory /opt/sw360/webapps/layouttpl
Sep 04, 2019 7:08:55 AM org.apache.catalina.startup.TldConfig execute
INFO: At least one JAR was scanned for TLDs yet contained no TLDs. Enable debug logging for this logger for a complete list of JARs that were scanned but no TLDs were found in them. Skipping unneeded JARs during scanning can improve startup time and JSP compilation time.
07:08:55,800 INFO  [localhost-startStop-1][HotDeployEvent:145] Plugin layouttpl requires marketplace-portlet
07:08:55,801 INFO  [localhost-startStop-1][HotDeployImpl:276] Queueing layouttpl for deploy because it is missing marketplace-portlet
Sep 04, 2019 7:08:56 AM org.apache.catalina.startup.HostConfig deployDirectory
INFO: Deployment of web application directory /opt/sw360/webapps/layouttpl has finished in 2,198 ms
Sep 04, 2019 7:08:56 AM org.apache.catalina.startup.HostConfig deployDirectory
INFO: Deploying web application directory /opt/sw360/webapps/marketplace-portlet
Sep 04, 2019 7:08:57 AM org.apache.catalina.startup.TldConfig execute
INFO: At least one JAR was scanned for TLDs yet contained no TLDs. Enable debug logging for this logger for a complete list of JARs that were scanned but no TLDs were found in them. Skipping unneeded JARs during scanning can improve startup time and JSP compilation time.
07:08:57,752 INFO  [localhost-startStop-1][HotDeployImpl:217] Deploying marketplace-portlet from queue
07:08:57,756 INFO  [localhost-startStop-1][PluginPackageUtil:1016] Reading plugin package for marketplace-portlet
Loading file:/opt/sw360/temp/1-marketplace-portlet/WEB-INF/classes/portlet.properties
Loading file:/opt/sw360/temp/1-marketplace-portlet/WEB-INF/classes/service.properties
Loading file:/opt/sw360/temp/1-marketplace-portlet/WEB-INF/classes/portlet.properties
Sep 04, 2019 7:08:58 AM org.apache.catalina.core.ApplicationContext log
INFO: Initializing Spring root WebApplicationContext
Loading file:/opt/sw360/temp/1-marketplace-portlet/WEB-INF/classes/service.properties
Loading file:/opt/sw360/temp/1-marketplace-portlet/WEB-INF/classes/service.properties
07:08:58,911 INFO  [localhost-startStop-1][HookHotDeployListener:709] Registering hook for marketplace-portlet
Loading file:/opt/sw360/temp/1-marketplace-portlet/WEB-INF/classes/portal.properties
07:08:59,069 INFO  [localhost-startStop-1][HookHotDeployListener:851] Hook for marketplace-portlet is available for use
07:08:59,077 INFO  [localhost-startStop-1][PortletHotDeployListener:344] Registering portlets for marketplace-portlet
Loading file:/opt/sw360/temp/1-marketplace-portlet/WEB-INF/classes/portlet.properties
07:08:59,271 INFO  [localhost-startStop-1][PortletHotDeployListener:497] 3 portlets for marketplace-portlet are available for use
07:08:59,275 INFO  [localhost-startStop-1][HotDeployImpl:217] Deploying schedule from queue
07:08:59,276 INFO  [localhost-startStop-1][PluginPackageUtil:1016] Reading plugin package for schedule
07:08:59,280 WARN  [localhost-startStop-1][PluginPackageUtil:1114] Plugin package on context schedule cannot be tracked because this WAR does not contain a liferay-plugin-package.xml file
Sep 04, 2019 7:09:00 AM org.apache.catalina.core.ApplicationContext log
INFO: Initializing Spring root WebApplicationContext
07:09:00,541 INFO  [localhost-startStop-1][PortletHotDeployListener:344] Registering portlets for schedule
07:09:00,620 INFO  [localhost-startStop-1][PortletHotDeployListener:492] 1 portlet for schedule is available for use
07:09:00,622 INFO  [localhost-startStop-1][HotDeployImpl:217] Deploying authorization from queue
07:09:00,622 INFO  [localhost-startStop-1][PluginPackageUtil:1016] Reading plugin package for authorization
07:09:00,623 WARN  [localhost-startStop-1][PluginPackageUtil:1114] Plugin package on context authorization cannot be tracked because this WAR does not contain a liferay-plugin-package.xml file
Sep 04, 2019 7:09:02 AM org.apache.catalina.core.ApplicationContext log
INFO: Initializing Spring root WebApplicationContext
07:09:02,130 INFO  [localhost-startStop-1][PortletHotDeployListener:344] Registering portlets for authorization
07:09:02,186 INFO  [localhost-startStop-1][PortletHotDeployListener:492] 1 portlet for authorization is available for use
07:09:02,187 INFO  [localhost-startStop-1][HotDeployImpl:217] Deploying vulnerabilities from queue
07:09:02,188 INFO  [localhost-startStop-1][PluginPackageUtil:1016] Reading plugin package for vulnerabilities
07:09:02,189 WARN  [localhost-startStop-1][PluginPackageUtil:1114] Plugin package on context vulnerabilities cannot be tracked because this WAR does not contain a liferay-plugin-package.xml file
Sep 04, 2019 7:09:03 AM org.apache.catalina.core.ApplicationContext log
INFO: Initializing Spring root WebApplicationContext
07:09:03,403 INFO  [localhost-startStop-1][PortletHotDeployListener:344] Registering portlets for vulnerabilities
07:09:03,471 INFO  [localhost-startStop-1][PortletHotDeployListener:492] 1 portlet for vulnerabilities is available for use
07:09:03,473 INFO  [localhost-startStop-1][HotDeployImpl:217] Deploying sw360-portlet from queue
07:09:03,474 INFO  [localhost-startStop-1][PluginPackageUtil:1016] Reading plugin package for sw360-portlet
Sep 04, 2019 7:09:04 AM org.apache.catalina.core.ApplicationContext log
INFO: Initializing Spring root WebApplicationContext
07:09:04,971 INFO  [localhost-startStop-1][HookHotDeployListener:709] Registering hook for sw360-portlet
Loading file:/opt/sw360/temp/0-sw360-portlet/WEB-INF/classes/portal.properties
07:09:05,160 INFO  [localhost-startStop-1][HookHotDeployListener:851] Hook for sw360-portlet is available for use
07:09:05,163 INFO  [localhost-startStop-1][PortletHotDeployListener:344] Registering portlets for sw360-portlet
07:09:08,073 INFO  [localhost-startStop-1][PortletHotDeployListener:497] 29 portlets for sw360-portlet are available for use
07:09:08,075 INFO  [localhost-startStop-1][HotDeployImpl:217] Deploying resource from queue
07:09:08,075 INFO  [localhost-startStop-1][PluginPackageUtil:1016] Reading plugin package for resource
07:09:08,076 WARN  [localhost-startStop-1][PluginPackageUtil:1114] Plugin package on context resource cannot be tracked because this WAR does not contain a liferay-plugin-package.xml file
Sep 04, 2019 7:09:09 AM org.apache.catalina.core.ApplicationContext log
INFO: Initializing Spring root WebApplicationContext
07:09:09,542 INFO  [localhost-startStop-1][PortletHotDeployListener:344] Registering portlets for resource
07:09:09,587 INFO  [localhost-startStop-1][PortletHotDeployListener:492] 1 portlet for resource is available for use
07:09:09,589 INFO  [localhost-startStop-1][HotDeployImpl:217] Deploying fossology from queue
07:09:09,589 INFO  [localhost-startStop-1][PluginPackageUtil:1016] Reading plugin package for fossology
07:09:09,590 WARN  [localhost-startStop-1][PluginPackageUtil:1114] Plugin package on context fossology cannot be tracked because this WAR does not contain a liferay-plugin-package.xml file
Sep 04, 2019 7:09:10 AM org.apache.catalina.core.ApplicationContext log
INFO: Initializing Spring root WebApplicationContext
Sep 04, 2019 7:09:10 AM org.apache.catalina.core.ApplicationContext log
INFO: Initializing Spring root WebApplicationContext
07:09:11,222 INFO  [localhost-startStop-1][PortletHotDeployListener:344] Registering portlets for fossology
07:09:11,280 INFO  [localhost-startStop-1][PortletHotDeployListener:492] 1 portlet for fossology is available for use
07:09:11,282 INFO  [localhost-startStop-1][HotDeployImpl:217] Deploying wsimport from queue
07:09:11,282 INFO  [localhost-startStop-1][PluginPackageUtil:1016] Reading plugin package for wsimport
07:09:11,283 WARN  [localhost-startStop-1][PluginPackageUtil:1114] Plugin package on context wsimport cannot be tracked because this WAR does not contain a liferay-plugin-package.xml file
Sep 04, 2019 7:09:12 AM org.apache.catalina.core.ApplicationContext log
INFO: Initializing Spring root WebApplicationContext
07:09:12,489 INFO  [localhost-startStop-1][PortletHotDeployListener:344] Registering portlets for wsimport
07:09:12,534 INFO  [localhost-startStop-1][PortletHotDeployListener:492] 1 portlet for wsimport is available for use
07:09:12,535 INFO  [localhost-startStop-1][HotDeployImpl:217] Deploying licenseinfo from queue
07:09:12,536 INFO  [localhost-startStop-1][PluginPackageUtil:1016] Reading plugin package for licenseinfo
07:09:12,537 WARN  [localhost-startStop-1][PluginPackageUtil:1114] Plugin package on context licenseinfo cannot be tracked because this WAR does not contain a liferay-plugin-package.xml file
Sep 04, 2019 7:09:14 AM org.apache.catalina.core.ApplicationContext log
INFO: Initializing Spring root WebApplicationContext
07:09:14,652 INFO  [localhost-startStop-1][PortletHotDeployListener:344] Registering portlets for licenseinfo
07:09:14,713 INFO  [localhost-startStop-1][PortletHotDeployListener:492] 1 portlet for licenseinfo is available for use
07:09:15,044 INFO  [localhost-startStop-1][HotDeployImpl:217] Deploying users from queue
07:09:15,045 INFO  [localhost-startStop-1][PluginPackageUtil:1016] Reading plugin package for users
07:09:15,046 WARN  [localhost-startStop-1][PluginPackageUtil:1114] Plugin package on context users cannot be tracked because this WAR does not contain a liferay-plugin-package.xml file
Sep 04, 2019 7:09:16 AM org.apache.catalina.core.ApplicationContext log
INFO: Initializing Spring root WebApplicationContext
07:09:16,210 INFO  [localhost-startStop-1][PortletHotDeployListener:344] Registering portlets for users
07:09:16,252 INFO  [localhost-startStop-1][PortletHotDeployListener:492] 1 portlet for users is available for use
07:09:16,253 INFO  [localhost-startStop-1][HotDeployImpl:217] Deploying projects from queue
07:09:16,253 INFO  [localhost-startStop-1][PluginPackageUtil:1016] Reading plugin package for projects
07:09:16,254 WARN  [localhost-startStop-1][PluginPackageUtil:1114] Plugin package on context projects cannot be tracked because this WAR does not contain a liferay-plugin-package.xml file
Sep 04, 2019 7:09:17 AM org.apache.catalina.core.ApplicationContext log
INFO: Initializing Spring root WebApplicationContext
07:09:17,399 INFO  [localhost-startStop-1][PortletHotDeployListener:344] Registering portlets for projects
07:09:17,441 INFO  [localhost-startStop-1][PortletHotDeployListener:492] 1 portlet for projects is available for use
07:09:17,442 INFO  [localhost-startStop-1][HotDeployImpl:217] Deploying licenses from queue
07:09:17,443 INFO  [localhost-startStop-1][PluginPackageUtil:1016] Reading plugin package for licenses
07:09:17,444 WARN  [localhost-startStop-1][PluginPackageUtil:1114] Plugin package on context licenses cannot be tracked because this WAR does not contain a liferay-plugin-package.xml file
Sep 04, 2019 7:09:19 AM org.apache.catalina.core.ApplicationContext log
INFO: Initializing Spring root WebApplicationContext
07:09:19,404 INFO  [localhost-startStop-1][PortletHotDeployListener:344] Registering portlets for licenses
07:09:19,454 INFO  [localhost-startStop-1][PortletHotDeployListener:492] 1 portlet for licenses is available for use
07:09:19,455 INFO  [localhost-startStop-1][HotDeployImpl:217] Deploying moderation from queue
07:09:19,456 INFO  [localhost-startStop-1][PluginPackageUtil:1016] Reading plugin package for moderation
07:09:19,456 WARN  [localhost-startStop-1][PluginPackageUtil:1114] Plugin package on context moderation cannot be tracked because this WAR does not contain a liferay-plugin-package.xml file
Sep 04, 2019 7:09:21 AM org.apache.catalina.core.ApplicationContext log
INFO: Initializing Spring root WebApplicationContext
07:09:21,578 INFO  [localhost-startStop-1][PortletHotDeployListener:344] Registering portlets for moderation
07:09:21,628 INFO  [localhost-startStop-1][PortletHotDeployListener:492] 1 portlet for moderation is available for use
07:09:21,630 INFO  [localhost-startStop-1][HotDeployImpl:217] Deploying sw360-theme from queue
07:09:21,630 INFO  [localhost-startStop-1][PluginPackageUtil:1016] Reading plugin package for sw360-theme
Sep 04, 2019 7:09:22 AM org.apache.catalina.core.ApplicationContext log
INFO: Initializing Spring root WebApplicationContext
07:09:22,310 INFO  [localhost-startStop-1][ThemeHotDeployListener:98] Registering themes for sw360-theme
07:09:23,160 INFO  [localhost-startStop-1][ThemeHotDeployListener:113] 1 theme for sw360-theme is available for use
07:09:23,161 INFO  [localhost-startStop-1][HotDeployImpl:217] Deploying layouttpl from queue
07:09:23,161 INFO  [localhost-startStop-1][PluginPackageUtil:1016] Reading plugin package for layouttpl
07:09:23,162 WARN  [localhost-startStop-1][PluginPackageUtil:1114] Plugin package on context layouttpl cannot be tracked because this WAR does not contain a liferay-plugin-package.xml file
Sep 04, 2019 7:09:23 AM org.apache.catalina.core.ApplicationContext log
INFO: Initializing Spring root WebApplicationContext
07:09:23,788 INFO  [localhost-startStop-1][LayoutTemplateHotDeployListener:94] Registering layout templates for layouttpl
07:09:23,798 ERROR [localhost-startStop-1][LayoutTemplateLocalServiceImpl:433] No content found at WAP template path /sw360layout.wap.tpl
07:09:23,799 INFO  [localhost-startStop-1][LayoutTemplateHotDeployListener:109] 1 layout template for layouttpl is available for use
Sep 04, 2019 7:09:24 AM org.apache.catalina.startup.HostConfig deployDirectory
INFO: Deployment of web application directory /opt/sw360/webapps/marketplace-portlet has finished in 28,357 ms
Sep 04, 2019 7:09:24 AM org.apache.catalina.startup.HostConfig deployDirectory
INFO: Deploying web application directory /opt/sw360/webapps/search
Sep 04, 2019 7:09:27 AM org.apache.catalina.startup.TldConfig execute
INFO: At least one JAR was scanned for TLDs yet contained no TLDs. Enable debug logging for this logger for a complete list of JARs that were scanned but no TLDs were found in them. Skipping unneeded JARs during scanning can improve startup time and JSP compilation time.
07:09:27,285 INFO  [localhost-startStop-1][HotDeployEvent:145] Plugin search requires marketplace-portlet
07:09:27,286 INFO  [localhost-startStop-1][HotDeployImpl:217] Deploying search from queue
07:09:27,286 INFO  [localhost-startStop-1][PluginPackageUtil:1016] Reading plugin package for search
07:09:27,286 WARN  [localhost-startStop-1][PluginPackageUtil:1114] Plugin package on context search cannot be tracked because this WAR does not contain a liferay-plugin-package.xml file
Sep 04, 2019 7:09:28 AM org.apache.catalina.core.ApplicationContext log
INFO: Initializing Spring root WebApplicationContext
07:09:28,442 INFO  [localhost-startStop-1][PortletHotDeployListener:344] Registering portlets for search
07:09:28,486 INFO  [localhost-startStop-1][PortletHotDeployListener:492] 1 portlet for search is available for use
Sep 04, 2019 7:09:29 AM org.apache.catalina.startup.HostConfig deployDirectory
INFO: Deployment of web application directory /opt/sw360/webapps/search has finished in 5,362 ms
Sep 04, 2019 7:09:29 AM org.apache.catalina.startup.HostConfig deployDirectory
INFO: Deploying web application directory /opt/sw360/webapps/attachments
Sep 04, 2019 7:09:32 AM org.apache.catalina.startup.TldConfig execute
INFO: At least one JAR was scanned for TLDs yet contained no TLDs. Enable debug logging for this logger for a complete list of JARs that were scanned but no TLDs were found in them. Skipping unneeded JARs during scanning can improve startup time and JSP compilation time.
07:09:32,875 INFO  [localhost-startStop-1][HotDeployEvent:145] Plugin attachments requires marketplace-portlet
07:09:32,876 INFO  [localhost-startStop-1][HotDeployImpl:217] Deploying attachments from queue
07:09:32,877 INFO  [localhost-startStop-1][PluginPackageUtil:1016] Reading plugin package for attachments
07:09:32,877 WARN  [localhost-startStop-1][PluginPackageUtil:1114] Plugin package on context attachments cannot be tracked because this WAR does not contain a liferay-plugin-package.xml file
Sep 04, 2019 7:09:34 AM org.apache.catalina.core.ApplicationContext log
INFO: Initializing Spring root WebApplicationContext
07:09:34,011 INFO  [localhost-startStop-1][PortletHotDeployListener:344] Registering portlets for attachments
07:09:34,063 INFO  [localhost-startStop-1][PortletHotDeployListener:492] 1 portlet for attachments is available for use
Sep 04, 2019 7:09:35 AM org.apache.catalina.startup.HostConfig deployDirectory
INFO: Deployment of web application directory /opt/sw360/webapps/attachments has finished in 5,586 ms
Sep 04, 2019 7:09:35 AM org.apache.catalina.startup.HostConfig deployDirectory
INFO: Deploying web application directory /opt/sw360/webapps/components
Sep 04, 2019 7:09:38 AM org.apache.catalina.startup.TldConfig execute
INFO: At least one JAR was scanned for TLDs yet contained no TLDs. Enable debug logging for this logger for a complete list of JARs that were scanned but no TLDs were found in them. Skipping unneeded JARs during scanning can improve startup time and JSP compilation time.
07:09:38,267 INFO  [localhost-startStop-1][HotDeployEvent:145] Plugin components requires marketplace-portlet
07:09:38,268 INFO  [localhost-startStop-1][HotDeployImpl:217] Deploying components from queue
07:09:38,268 INFO  [localhost-startStop-1][PluginPackageUtil:1016] Reading plugin package for components
07:09:38,269 WARN  [localhost-startStop-1][PluginPackageUtil:1114] Plugin package on context components cannot be tracked because this WAR does not contain a liferay-plugin-package.xml file
Sep 04, 2019 7:09:39 AM org.apache.catalina.core.ApplicationContext log
INFO: Initializing Spring root WebApplicationContext
07:09:39,441 INFO  [localhost-startStop-1][PortletHotDeployListener:344] Registering portlets for components
07:09:39,487 INFO  [localhost-startStop-1][PortletHotDeployListener:492] 1 portlet for components is available for use
Sep 04, 2019 7:09:41 AM org.apache.catalina.startup.HostConfig deployDirectory
INFO: Deployment of web application directory /opt/sw360/webapps/components has finished in 6,032 ms
Sep 04, 2019 7:09:41 AM org.apache.catalina.startup.HostConfig deployDirectory
INFO: Deploying web application directory /opt/sw360/webapps/cvesearch
Sep 04, 2019 7:09:44 AM org.apache.catalina.startup.TldConfig execute
INFO: At least one JAR was scanned for TLDs yet contained no TLDs. Enable debug logging for this logger for a complete list of JARs that were scanned but no TLDs were found in them. Skipping unneeded JARs during scanning can improve startup time and JSP compilation time.
07:09:44,754 INFO  [localhost-startStop-1][HotDeployEvent:145] Plugin cvesearch requires marketplace-portlet
07:09:44,755 INFO  [localhost-startStop-1][HotDeployImpl:217] Deploying cvesearch from queue
07:09:44,755 INFO  [localhost-startStop-1][PluginPackageUtil:1016] Reading plugin package for cvesearch
07:09:44,755 WARN  [localhost-startStop-1][PluginPackageUtil:1114] Plugin package on context cvesearch cannot be tracked because this WAR does not contain a liferay-plugin-package.xml file
Sep 04, 2019 7:09:45 AM org.apache.catalina.core.ApplicationContext log
INFO: Initializing Spring root WebApplicationContext
07:09:45,928 INFO  [localhost-startStop-1][PortletHotDeployListener:344] Registering portlets for cvesearch
07:09:45,974 INFO  [localhost-startStop-1][PortletHotDeployListener:492] 1 portlet for cvesearch is available for use
2019-09-04 07:09:48 INFO  CveSearchHandler:56 - Using https://cve.circl.lu for CVE search...
 2019-09-04 07:09:48 INFO  SearchLevels:71 - Preparing Search Levels
 2019-09-04 07:09:48 INFO  SearchLevels:82 - SearchLevels cvesearch.vendor.threshold: 1
 2019-09-04 07:09:48 INFO  SearchLevels:82 - SearchLevels cvesearch.product.threshold: 0
 2019-09-04 07:09:48 INFO  SearchLevels:82 - SearchLevels cvesearch.cutoff: 6
 Sep 04, 2019 7:09:48 AM org.apache.catalina.startup.HostConfig deployDirectory
INFO: Deployment of web application directory /opt/sw360/webapps/cvesearch has finished in 6,784 ms
Sep 04, 2019 7:09:48 AM org.apache.catalina.startup.HostConfig deployDirectory
INFO: Deploying web application directory /opt/sw360/webapps/vendors
Sep 04, 2019 7:09:51 AM org.apache.catalina.startup.TldConfig execute
INFO: At least one JAR was scanned for TLDs yet contained no TLDs. Enable debug logging for this logger for a complete list of JARs that were scanned but no TLDs were found in them. Skipping unneeded JARs during scanning can improve startup time and JSP compilation time.
07:09:51,362 INFO  [localhost-startStop-1][HotDeployEvent:145] Plugin vendors requires marketplace-portlet
07:09:51,363 INFO  [localhost-startStop-1][HotDeployImpl:217] Deploying vendors from queue
07:09:51,364 INFO  [localhost-startStop-1][PluginPackageUtil:1016] Reading plugin package for vendors
07:09:51,364 WARN  [localhost-startStop-1][PluginPackageUtil:1114] Plugin package on context vendors cannot be tracked because this WAR does not contain a liferay-plugin-package.xml file
Sep 04, 2019 7:09:52 AM org.apache.catalina.core.ApplicationContext log
INFO: Initializing Spring root WebApplicationContext
07:09:52,501 INFO  [localhost-startStop-1][PortletHotDeployListener:344] Registering portlets for vendors
07:09:52,542 INFO  [localhost-startStop-1][PortletHotDeployListener:492] 1 portlet for vendors is available for use
Sep 04, 2019 7:09:53 AM org.apache.catalina.startup.HostConfig deployDirectory
INFO: Deployment of web application directory /opt/sw360/webapps/vendors has finished in 5,542 ms
Sep 04, 2019 7:09:53 AM org.apache.coyote.AbstractProtocol start
INFO: Starting ProtocolHandler ["http-apr-8080"]
Sep 04, 2019 7:09:53 AM org.apache.coyote.AbstractProtocol start
INFO: Starting ProtocolHandler ["ajp-apr-8009"]
Sep 04, 2019 7:09:53 AM org.apache.catalina.startup.Catalina start
INFO: Server startup in 230710 ms
